<?xml version="1.0" encoding="UTF-8"?>
<testsuite xmlns:xsi="http://www.w3.org/2001/XMLSchema-instance" xsi:noNamespaceSchemaLocation="https://maven.apache.org/surefire/maven-surefire-plugin/xsd/surefire-test-report.xsd" name="TestSuite" time="13.198" tests="3" errors="0" skipped="0" failures="3">
  <properties>
[...]
</properties>
  <testcase name="sameName" classname="sameName" time="4.528">
    <failure message="Connection refused: connect" type="java.net.ConnectException">java.net.ConnectException: Connection refused: connect
	at sameName.sameName(sameName.java:18)
</failure>
  </testcase>
  <testcase name="Random_Test_WOAtho" classname="statusTest" time="4.051">
    <failure message="Connection refused: connect" type="java.net.ConnectException">java.net.ConnectException: Connection refused: connect
	at statusTest.Random_Test_WOAtho(statusTest.java:32)
</failure>
  </testcase>
  <testcase name="status_Test" classname="statusTest" time="4.009">
    <failure message="Connection refused: connect" type="java.net.ConnectException">java.net.ConnectException: Connection refused: connect
	at statusTest.status_Test(statusTest.java:19)
</failure>
  </testcase>
</testsuite>